Determining if the pthread_create exist failed with the following output:
Change Dir: /home/navod/jetson_codebase/build/CMakeFiles/CMakeTmp

Run Build Command:"/usr/bin/make" "cmTC_28a30/fast"
/usr/bin/make -f CMakeFiles/cmTC_28a30.dir/build.make CMakeFiles/cmTC_28a30.dir/build
make[1]: Entering directory '/home/navod/jetson_codebase/build/CMakeFiles/CMakeTmp'
Building CXX object CMakeFiles/cmTC_28a30.dir/CheckSymbolExists.cxx.o
/usr/bin/c++    -std=gnu++1z -o CMakeFiles/cmTC_28a30.dir/CheckSymbolExists.cxx.o -c /home/navod/jetson_codebase/build/CMakeFiles/CMakeTmp/CheckSymbolExists.cxx
Linking CXX executable cmTC_28a30
/usr/bin/cmake -E cmake_link_script CMakeFiles/cmTC_28a30.dir/link.txt --verbose=1
/usr/bin/c++       CMakeFiles/cmTC_28a30.dir/CheckSymbolExists.cxx.o  -o cmTC_28a30 
CMakeFiles/cmTC_28a30.dir/CheckSymbolExists.cxx.o: In function `main':
CheckSymbolExists.cxx:(.text+0x14): undefined reference to `pthread_create'
CheckSymbolExists.cxx:(.text+0x18): undefined reference to `pthread_create'
collect2: error: ld returned 1 exit status
CMakeFiles/cmTC_28a30.dir/build.make:97: recipe for target 'cmTC_28a30' failed
make[1]: *** [cmTC_28a30] Error 1
make[1]: Leaving directory '/home/navod/jetson_codebase/build/CMakeFiles/CMakeTmp'
Makefile:126: recipe for target 'cmTC_28a30/fast' failed
make: *** [cmTC_28a30/fast] Error 2

File /home/navod/jetson_codebase/build/CMakeFiles/CMakeTmp/CheckSymbolExists.cxx:
/* */
#include <pthread.h>

int main(int argc, char** argv)
{
  (void)argv;
#ifndef pthread_create
  return ((int*)(&pthread_create))[argc];
#else
  (void)argc;
  return 0;
#endif
}

Determining if the function pthread_create exists in the pthreads failed with the following output:
Change Dir: /home/navod/jetson_codebase/build/CMakeFiles/CMakeTmp

Run Build Command:"/usr/bin/make" "cmTC_88a8b/fast"
/usr/bin/make -f CMakeFiles/cmTC_88a8b.dir/build.make CMakeFiles/cmTC_88a8b.dir/build
make[1]: Entering directory '/home/navod/jetson_codebase/build/CMakeFiles/CMakeTmp'
Building CXX object CMakeFiles/cmTC_88a8b.dir/CheckFunctionExists.cxx.o
/usr/bin/c++    -DCHECK_FUNCTION_EXISTS=pthread_create   -std=gnu++1z -o CMakeFiles/cmTC_88a8b.dir/CheckFunctionExists.cxx.o -c /home/navod/jetson_codebase/build/CMakeFiles/CheckLibraryExists/CheckFunctionExists.cxx
Linking CXX executable cmTC_88a8b
/usr/bin/cmake -E cmake_link_script CMakeFiles/cmTC_88a8b.dir/link.txt --verbose=1
/usr/bin/c++   -DCHECK_FUNCTION_EXISTS=pthread_create    CMakeFiles/cmTC_88a8b.dir/CheckFunctionExists.cxx.o  -o cmTC_88a8b -lpthreads 
/usr/bin/ld: cannot find -lpthreads
collect2: error: ld returned 1 exit status
CMakeFiles/cmTC_88a8b.dir/build.make:97: recipe for target 'cmTC_88a8b' failed
make[1]: *** [cmTC_88a8b] Error 1
make[1]: Leaving directory '/home/navod/jetson_codebase/build/CMakeFiles/CMakeTmp'
Makefile:126: recipe for target 'cmTC_88a8b/fast' failed
make: *** [cmTC_88a8b/fast] Error 2


